
C:\Users\fnx\source\repos\Path-Visualizer\x64\Release\vtkCommonColor-9.0.dll
C:\Users\fnx\source\repos\Path-Visualizer\x64\Release\vtkCommonCore-9.0.dll
C:\Users\fnx\source\repos\Path-Visualizer\x64\Release\vtksys-9.0.dll
C:\Users\fnx\source\repos\Path-Visualizer\x64\Release\vtkloguru-9.0.dll
C:\Users\fnx\source\repos\Path-Visualizer\x64\Release\vtkCommonExecutionModel-9.0.dll
C:\Users\fnx\source\repos\Path-Visualizer\x64\Release\vtkCommonDataModel-9.0.dll
C:\Users\fnx\source\repos\Path-Visualizer\x64\Release\vtkCommonTransforms-9.0.dll
C:\Users\fnx\source\repos\Path-Visualizer\x64\Release\vtkCommonMath-9.0.dll
C:\Users\fnx\source\repos\Path-Visualizer\x64\Release\vtkCommonMisc-9.0.dll
C:\Users\fnx\source\repos\Path-Visualizer\x64\Release\vtkCommonSystem-9.0.dll
C:\Users\fnx\source\repos\Path-Visualizer\x64\Release\pugixml.dll
C:\Users\fnx\source\repos\Path-Visualizer\x64\Release\vtkFiltersSources-9.0.dll
C:\Users\fnx\source\repos\Path-Visualizer\x64\Release\vtkFiltersGeneral-9.0.dll
C:\Users\fnx\source\repos\Path-Visualizer\x64\Release\vtkFiltersCore-9.0.dll
C:\Users\fnx\source\repos\Path-Visualizer\x64\Release\vtkCommonComputationalGeometry-9.0.dll
C:\Users\fnx\source\repos\Path-Visualizer\x64\Release\vtkInteractionStyle-9.0.dll
C:\Users\fnx\source\repos\Path-Visualizer\x64\Release\vtkRenderingCore-9.0.dll
C:\Users\fnx\source\repos\Path-Visualizer\x64\Release\vtkFiltersGeometry-9.0.dll
C:\Users\fnx\source\repos\Path-Visualizer\x64\Release\vtkFiltersExtraction-9.0.dll
C:\Users\fnx\source\repos\Path-Visualizer\x64\Release\vtkFiltersStatistics-9.0.dll
C:\Users\fnx\source\repos\Path-Visualizer\x64\Release\vtkImagingFourier-9.0.dll
C:\Users\fnx\source\repos\Path-Visualizer\x64\Release\vtkImagingCore-9.0.dll
C:\Users\fnx\source\repos\Path-Visualizer\x64\Release\vtkParallelDIY-9.0.dll
C:\Users\fnx\source\repos\Path-Visualizer\x64\Release\vtkParallelCore-9.0.dll
C:\Users\fnx\source\repos\Path-Visualizer\x64\Release\vtkIOLegacy-9.0.dll
C:\Users\fnx\source\repos\Path-Visualizer\x64\Release\vtkIOCore-9.0.dll
C:\Users\fnx\source\repos\Path-Visualizer\x64\Release\lz4.dll
C:\Users\fnx\source\repos\Path-Visualizer\x64\Release\liblzma.dll
C:\Users\fnx\source\repos\Path-Visualizer\x64\Release\zlib1.dll
C:\Users\fnx\source\repos\Path-Visualizer\x64\Release\vtkIOXML-9.0.dll
C:\Users\fnx\source\repos\Path-Visualizer\x64\Release\vtkIOXMLParser-9.0.dll
C:\Users\fnx\source\repos\Path-Visualizer\x64\Release\libexpat.dll
C:\Users\fnx\source\repos\Path-Visualizer\x64\Release\vtkRenderingFreeType-9.0.dll
C:\Users\fnx\source\repos\Path-Visualizer\x64\Release\freetype.dll
C:\Users\fnx\source\repos\Path-Visualizer\x64\Release\bz2.dll
C:\Users\fnx\source\repos\Path-Visualizer\x64\Release\libpng16.dll
C:\Users\fnx\source\repos\Path-Visualizer\x64\Release\brotlidec.dll
C:\Users\fnx\source\repos\Path-Visualizer\x64\Release\brotlicommon.dll
C:\Users\fnx\source\repos\Path-Visualizer\x64\Release\vtkRenderingOpenGL2-9.0.dll
C:\Users\fnx\source\repos\Path-Visualizer\x64\Release\vtkRenderingUI-9.0.dll
C:\Users\fnx\source\repos\Path-Visualizer\x64\Release\glew32.dll
