c:\users\fnx\source\repos\path-visualizer\x64\debug\vc143.pdb
c:\users\fnx\source\repos\path-visualizer\x64\debug\vc143.idb
c:\users\fnx\source\repos\path-visualizer\x64\debug\path-visualizer.obj
c:\users\fnx\source\repos\path-visualizer\x64\debug\path-visualizer.exe
c:\users\fnx\source\repos\path-visualizer\x64\debug\path-visualizer.ilk
c:\users\fnx\source\repos\path-visualizer\x64\debug\path-visualizer.pdb
c:\users\fnx\source\repos\path-visualizer\x64\debug\vtkcommoncolor-9.0.dll
c:\users\fnx\source\repos\path-visualizer\x64\debug\vtkcommoncore-9.0.dll
c:\users\fnx\source\repos\path-visualizer\x64\debug\vtksys-9.0.dll
c:\users\fnx\source\repos\path-visualizer\x64\debug\vtkloguru-9.0.dll
c:\users\fnx\source\repos\path-visualizer\x64\debug\vtkcommonexecutionmodel-9.0.dll
c:\users\fnx\source\repos\path-visualizer\x64\debug\vtkcommondatamodel-9.0.dll
c:\users\fnx\source\repos\path-visualizer\x64\debug\vtkcommontransforms-9.0.dll
c:\users\fnx\source\repos\path-visualizer\x64\debug\vtkcommonmath-9.0.dll
c:\users\fnx\source\repos\path-visualizer\x64\debug\vtkcommonmisc-9.0.dll
c:\users\fnx\source\repos\path-visualizer\x64\debug\vtkcommonsystem-9.0.dll
c:\users\fnx\source\repos\path-visualizer\x64\debug\pugixml.dll
c:\users\fnx\source\repos\path-visualizer\x64\debug\vtkfilterssources-9.0.dll
c:\users\fnx\source\repos\path-visualizer\x64\debug\vtkfiltersgeneral-9.0.dll
c:\users\fnx\source\repos\path-visualizer\x64\debug\vtkfilterscore-9.0.dll
c:\users\fnx\source\repos\path-visualizer\x64\debug\vtkcommoncomputationalgeometry-9.0.dll
c:\users\fnx\source\repos\path-visualizer\x64\debug\vtkrenderingcore-9.0.dll
c:\users\fnx\source\repos\path-visualizer\x64\debug\vtkfiltersgeometry-9.0.dll
c:\users\fnx\source\repos\path-visualizer\x64\debug\vtkinteractionstyle-9.0.dll
c:\users\fnx\source\repos\path-visualizer\x64\debug\vtkfiltersextraction-9.0.dll
c:\users\fnx\source\repos\path-visualizer\x64\debug\vtkfiltersstatistics-9.0.dll
c:\users\fnx\source\repos\path-visualizer\x64\debug\vtkimagingfourier-9.0.dll
c:\users\fnx\source\repos\path-visualizer\x64\debug\vtkimagingcore-9.0.dll
c:\users\fnx\source\repos\path-visualizer\x64\debug\vtkparalleldiy-9.0.dll
c:\users\fnx\source\repos\path-visualizer\x64\debug\vtkparallelcore-9.0.dll
c:\users\fnx\source\repos\path-visualizer\x64\debug\vtkiolegacy-9.0.dll
c:\users\fnx\source\repos\path-visualizer\x64\debug\vtkiocore-9.0.dll
c:\users\fnx\source\repos\path-visualizer\x64\debug\lz4.dll
c:\users\fnx\source\repos\path-visualizer\x64\debug\liblzma.dll
c:\users\fnx\source\repos\path-visualizer\x64\debug\zlib1.dll
c:\users\fnx\source\repos\path-visualizer\x64\debug\vtkioxml-9.0.dll
c:\users\fnx\source\repos\path-visualizer\x64\debug\vtkioxmlparser-9.0.dll
c:\users\fnx\source\repos\path-visualizer\x64\debug\libexpat.dll
c:\users\fnx\source\repos\path-visualizer\x64\debug\vtkrenderingfreetype-9.0.dll
c:\users\fnx\source\repos\path-visualizer\x64\debug\freetype.dll
c:\users\fnx\source\repos\path-visualizer\x64\debug\bz2.dll
c:\users\fnx\source\repos\path-visualizer\x64\debug\libpng16.dll
c:\users\fnx\source\repos\path-visualizer\x64\debug\brotlidec.dll
c:\users\fnx\source\repos\path-visualizer\x64\debug\brotlicommon.dll
c:\users\fnx\source\repos\path-visualizer\x64\debug\vtkrenderingopengl2-9.0.dll
c:\users\fnx\source\repos\path-visualizer\x64\debug\vtkrenderingui-9.0.dll
c:\users\fnx\source\repos\path-visualizer\x64\debug\glew32.dll
c:\users\fnx\source\repos\path-visualizer\x64\debug\vtkcommoncolor-9.0d.dll
c:\users\fnx\source\repos\path-visualizer\x64\debug\vtkcommoncore-9.0d.dll
c:\users\fnx\source\repos\path-visualizer\x64\debug\vtksys-9.0d.dll
c:\users\fnx\source\repos\path-visualizer\x64\debug\vtkloguru-9.0d.dll
c:\users\fnx\source\repos\path-visualizer\x64\debug\vtkcommonexecutionmodel-9.0d.dll
c:\users\fnx\source\repos\path-visualizer\x64\debug\vtkcommondatamodel-9.0d.dll
c:\users\fnx\source\repos\path-visualizer\x64\debug\vtkcommontransforms-9.0d.dll
c:\users\fnx\source\repos\path-visualizer\x64\debug\vtkcommonmath-9.0d.dll
c:\users\fnx\source\repos\path-visualizer\x64\debug\vtkcommonmisc-9.0d.dll
c:\users\fnx\source\repos\path-visualizer\x64\debug\vtkcommonsystem-9.0d.dll
c:\users\fnx\source\repos\path-visualizer\x64\debug\vtkfilterssources-9.0d.dll
c:\users\fnx\source\repos\path-visualizer\x64\debug\vtkfiltersgeneral-9.0d.dll
c:\users\fnx\source\repos\path-visualizer\x64\debug\vtkfilterscore-9.0d.dll
c:\users\fnx\source\repos\path-visualizer\x64\debug\vtkcommoncomputationalgeometry-9.0d.dll
c:\users\fnx\source\repos\path-visualizer\x64\debug\vtkinteractionstyle-9.0d.dll
c:\users\fnx\source\repos\path-visualizer\x64\debug\vtkrenderingcore-9.0d.dll
c:\users\fnx\source\repos\path-visualizer\x64\debug\vtkfiltersgeometry-9.0d.dll
c:\users\fnx\source\repos\path-visualizer\x64\debug\vtkfiltersextraction-9.0d.dll
c:\users\fnx\source\repos\path-visualizer\x64\debug\vtkfiltersstatistics-9.0d.dll
c:\users\fnx\source\repos\path-visualizer\x64\debug\vtkimagingfourier-9.0d.dll
c:\users\fnx\source\repos\path-visualizer\x64\debug\vtkimagingcore-9.0d.dll
c:\users\fnx\source\repos\path-visualizer\x64\debug\vtkparalleldiy-9.0d.dll
c:\users\fnx\source\repos\path-visualizer\x64\debug\vtkparallelcore-9.0d.dll
c:\users\fnx\source\repos\path-visualizer\x64\debug\vtkiolegacy-9.0d.dll
c:\users\fnx\source\repos\path-visualizer\x64\debug\vtkiocore-9.0d.dll
c:\users\fnx\source\repos\path-visualizer\x64\debug\lz4d.dll
c:\users\fnx\source\repos\path-visualizer\x64\debug\zlibd1.dll
c:\users\fnx\source\repos\path-visualizer\x64\debug\vtkioxml-9.0d.dll
c:\users\fnx\source\repos\path-visualizer\x64\debug\vtkioxmlparser-9.0d.dll
c:\users\fnx\source\repos\path-visualizer\x64\debug\libexpatd.dll
c:\users\fnx\source\repos\path-visualizer\x64\debug\vtkrenderingfreetype-9.0d.dll
c:\users\fnx\source\repos\path-visualizer\x64\debug\freetyped.dll
c:\users\fnx\source\repos\path-visualizer\x64\debug\bz2d.dll
c:\users\fnx\source\repos\path-visualizer\x64\debug\libpng16d.dll
c:\users\fnx\source\repos\path-visualizer\x64\debug\vtkrenderingopengl2-9.0d.dll
c:\users\fnx\source\repos\path-visualizer\x64\debug\vtkrenderingui-9.0d.dll
c:\users\fnx\source\repos\path-visualizer\x64\debug\glew32d.dll
c:\users\fnx\source\repos\path-visualizer\x64\debug\path-visualizer.tlog\cl.command.1.tlog
c:\users\fnx\source\repos\path-visualizer\x64\debug\path-visualizer.tlog\cl.read.1.tlog
c:\users\fnx\source\repos\path-visualizer\x64\debug\path-visualizer.tlog\cl.write.1.tlog
c:\users\fnx\source\repos\path-visualizer\x64\debug\path-visualizer.tlog\link.command.1.tlog
c:\users\fnx\source\repos\path-visualizer\x64\debug\path-visualizer.tlog\link.read.1.tlog
c:\users\fnx\source\repos\path-visualizer\x64\debug\path-visualizer.tlog\link.write.1.tlog
c:\users\fnx\source\repos\path-visualizer\x64\debug\path-visualizer.tlog\path-visualizer.write.1u.tlog
